{"/Users/aniruddhajadhav/Desktop/cicd-pipeline-project/app/src/index.js": {"path":"/Users/aniruddhajadhav/Desktop/cicd-pipeline-project/app/src/index.js","statementMap":{"0":{"start":{"line":3,"column":16},"end":{"line":3,"column":34}},"1":{"start":{"line":4,"column":11},"end":{"line":4,"column":24}},"2":{"start":{"line":6,"column":12},"end":{"line":6,"column":21}},"3":{"start":{"line":7,"column":13},"end":{"line":7,"column":37}},"4":{"start":{"line":10,"column":0},"end":{"line":10,"column":24}},"5":{"start":{"line":11,"column":0},"end":{"line":11,"column":48}},"6":{"start":{"line":16,"column":0},"end":{"line":22,"column":3}},"7":{"start":{"line":17,"column":2},"end":{"line":21,"column":5}},"8":{"start":{"line":25,"column":0},"end":{"line":33,"column":3}},"9":{"start":{"line":26,"column":2},"end":{"line":32,"column":5}},"10":{"start":{"line":36,"column":0},"end":{"line":47,"column":3}},"11":{"start":{"line":37,"column":2},"end":{"line":46,"column":5}},"12":{"start":{"line":50,"column":0},"end":{"line":52,"column":3}},"13":{"start":{"line":51,"column":2},"end":{"line":51,"column":53}},"14":{"start":{"line":55,"column":0},"end":{"line":58,"column":3}},"15":{"start":{"line":56,"column":2},"end":{"line":56,"column":49}},"16":{"start":{"line":57,"column":2},"end":{"line":57,"column":59}},"17":{"start":{"line":61,"column":15},"end":{"line":65,"column":2}},"18":{"start":{"line":62,"column":2},"end":{"line":62,"column":53}},"19":{"start":{"line":63,"column":2},"end":{"line":63,"column":75}},"20":{"start":{"line":64,"column":2},"end":{"line":64,"column":66}},"21":{"start":{"line":68,"column":0},"end":{"line":74,"column":3}},"22":{"start":{"line":69,"column":2},"end":{"line":69,"column":64}},"23":{"start":{"line":70,"column":2},"end":{"line":73,"column":5}},"24":{"start":{"line":71,"column":4},"end":{"line":71,"column":34}},"25":{"start":{"line":72,"column":4},"end":{"line":72,"column":20}},"26":{"start":{"line":76,"column":0},"end":{"line":76,"column":33}}},"fnMap":{"0":{"name":"(anonymous_0)","decl":{"start":{"line":16,"column":19},"end":{"line":16,"column":20}},"loc":{"start":{"line":16,"column":33},"end":{"line":22,"column":1}},"line":16},"1":{"name":"(anonymous_1)","decl":{"start":{"line":25,"column":13},"end":{"line":25,"column":14}},"loc":{"start":{"line":25,"column":27},"end":{"line":33,"column":1}},"line":25},"2":{"name":"(anonymous_2)","decl":{"start":{"line":36,"column":17},"end":{"line":36,"column":18}},"loc":{"start":{"line":36,"column":31},"end":{"line":47,"column":1}},"line":36},"3":{"name":"(anonymous_3)","decl":{"start":{"line":50,"column":8},"end":{"line":50,"column":9}},"loc":{"start":{"line":50,"column":22},"end":{"line":52,"column":1}},"line":50},"4":{"name":"(anonymous_4)","decl":{"start":{"line":55,"column":8},"end":{"line":55,"column":9}},"loc":{"start":{"line":55,"column":34},"end":{"line":58,"column":1}},"line":55},"5":{"name":"(anonymous_5)","decl":{"start":{"line":61,"column":32},"end":{"line":61,"column":33}},"loc":{"start":{"line":61,"column":38},"end":{"line":65,"column":1}},"line":61},"6":{"name":"(anonymous_6)","decl":{"start":{"line":68,"column":22},"end":{"line":68,"column":23}},"loc":{"start":{"line":68,"column":28},"end":{"line":74,"column":1}},"line":68},"7":{"name":"(anonymous_7)","decl":{"start":{"line":70,"column":15},"end":{"line":70,"column":16}},"loc":{"start":{"line":70,"column":21},"end":{"line":73,"column":3}},"line":70}},"branchMap":{"0":{"loc":{"start":{"line":7,"column":13},"end":{"line":7,"column":37}},"type":"binary-expr","locations":[{"start":{"line":7,"column":13},"end":{"line":7,"column":29}},{"start":{"line":7,"column":33},"end":{"line":7,"column":37}}],"line":7},"1":{"loc":{"start":{"line":28,"column":13},"end":{"line":28,"column":47}},"type":"binary-expr","locations":[{"start":{"line":28,"column":13},"end":{"line":28,"column":36}},{"start":{"line":28,"column":40},"end":{"line":28,"column":47}}],"line":28},"2":{"loc":{"start":{"line":30,"column":17},"end":{"line":30,"column":54}},"type":"binary-expr","locations":[{"start":{"line":30,"column":17},"end":{"line":30,"column":37}},{"start":{"line":30,"column":41},"end":{"line":30,"column":54}}],"line":30},"3":{"loc":{"start":{"line":63,"column":34},"end":{"line":63,"column":71}},"type":"binary-expr","locations":[{"start":{"line":63,"column":34},"end":{"line":63,"column":54}},{"start":{"line":63,"column":58},"end":{"line":63,"column":71}}],"line":63}},"s":{"0":1,"1":1,"2":1,"3":1,"4":1,"5":1,"6":1,"7":2,"8":1,"9":3,"10":1,"11":1,"12":1,"13":1,"14":1,"15":0,"16":0,"17":1,"18":1,"19":1,"20":1,"21":1,"22":0,"23":0,"24":0,"25":0,"26":1},"f":{"0":2,"1":3,"2":1,"3":1,"4":0,"5":1,"6":0,"7":0},"b":{"0":[1,1],"1":[3,3],"2":[3,0],"3":[1,0]},"_coverageSchema":"1a1c01bbd47fc00a2c39e90264f33305004495a9","hash":"07f5030019508df92f093d8ecee5f0963fc5dff0"}
}
