TN:
SF:src/index.js
FN:16,(anonymous_0)
FN:25,(anonymous_1)
FN:36,(anonymous_2)
FN:50,(anonymous_3)
FN:55,(anonymous_4)
FN:61,(anonymous_5)
FN:68,(anonymous_6)
FN:70,(anonymous_7)
FNF:8
FNH:5
FNDA:2,(anonymous_0)
FNDA:3,(anonymous_1)
FNDA:1,(anonymous_2)
FNDA:1,(anonymous_3)
FNDA:0,(anonymous_4)
FNDA:1,(anonymous_5)
FNDA:0,(anonymous_6)
FNDA:0,(anonymous_7)
DA:3,1
DA:4,1
DA:6,1
DA:7,1
DA:10,1
DA:11,1
DA:16,1
DA:17,2
DA:25,1
DA:26,3
DA:36,1
DA:37,1
DA:50,1
DA:51,1
DA:55,1
DA:56,0
DA:57,0
DA:61,1
DA:62,1
DA:63,1
DA:64,1
DA:68,1
DA:69,0
DA:70,0
DA:71,0
DA:72,0
DA:76,1
LF:27
LH:21
BRDA:7,0,0,1
BRDA:7,0,1,1
BRDA:28,1,0,3
BRDA:28,1,1,3
BRDA:30,2,0,3
BRDA:30,2,1,0
BRDA:63,3,0,1
BRDA:63,3,1,0
BRF:8
BRH:6
end_of_record
